Determining if the pthread_create exist failed with the following output:
Change Dir: /u/archive/agip/cerroni/software/cgal/basinator/build/CMakeFiles/CMakeTmp

Run Build Command:"/u/sw/pkgs/toolchains/gcc-glibc/4.8/base/bin/gmake" "cmTC_ffaae/fast"
/u/sw/pkgs/toolchains/gcc-glibc/4.8/base/bin/gmake -f CMakeFiles/cmTC_ffaae.dir/build.make CMakeFiles/cmTC_ffaae.dir/build
gmake[1]: Entering directory '/u/archive/agip/cerroni/software/cgal/basinator/build/CMakeFiles/CMakeTmp'
Building C object CMakeFiles/cmTC_ffaae.dir/CheckSymbolExists.c.o
/u/sw/pkgs/toolchains/gcc-glibc/4.8/prefix/bin/cc     -o CMakeFiles/cmTC_ffaae.dir/CheckSymbolExists.c.o   -c /u/archive/agip/cerroni/software/cgal/basinator/build/CMakeFiles/CMakeTmp/CheckSymbolExists.c
Linking C executable cmTC_ffaae
/u/sw/pkgs/toolchains/gcc-glibc/4.8/base/bin/cmake -E cmake_link_script CMakeFiles/cmTC_ffaae.dir/link.txt --verbose=1
/u/sw/pkgs/toolchains/gcc-glibc/4.8/prefix/bin/cc       CMakeFiles/cmTC_ffaae.dir/CheckSymbolExists.c.o  -o cmTC_ffaae -rdynamic 
CMakeFiles/cmTC_ffaae.dir/CheckSymbolExists.c.o: In function `main':
CheckSymbolExists.c:(.text+0x16): undefined reference to `pthread_create'
collect2: error: ld returned 1 exit status
CMakeFiles/cmTC_ffaae.dir/build.make:97: recipe for target 'cmTC_ffaae' failed
gmake[1]: *** [cmTC_ffaae] Error 1
gmake[1]: Leaving directory '/u/archive/agip/cerroni/software/cgal/basinator/build/CMakeFiles/CMakeTmp'
Makefile:126: recipe for target 'cmTC_ffaae/fast' failed
gmake: *** [cmTC_ffaae/fast] Error 2

File /u/archive/agip/cerroni/software/cgal/basinator/build/CMakeFiles/CMakeTmp/CheckSymbolExists.c:
/* */
#include <pthread.h>

int main(int argc, char** argv)
{
  (void)argv;
#ifndef pthread_create
  return ((int*)(&pthread_create))[argc];
#else
  (void)argc;
  return 0;
#endif
}

Determining if the function pthread_create exists in the pthreads failed with the following output:
Change Dir: /u/archive/agip/cerroni/software/cgal/basinator/build/CMakeFiles/CMakeTmp

Run Build Command:"/u/sw/pkgs/toolchains/gcc-glibc/4.8/base/bin/gmake" "cmTC_ab0f1/fast"
/u/sw/pkgs/toolchains/gcc-glibc/4.8/base/bin/gmake -f CMakeFiles/cmTC_ab0f1.dir/build.make CMakeFiles/cmTC_ab0f1.dir/build
gmake[1]: Entering directory '/u/archive/agip/cerroni/software/cgal/basinator/build/CMakeFiles/CMakeTmp'
Building C object CMakeFiles/cmTC_ab0f1.dir/CheckFunctionExists.c.o
/u/sw/pkgs/toolchains/gcc-glibc/4.8/prefix/bin/cc    -DCHECK_FUNCTION_EXISTS=pthread_create   -o CMakeFiles/cmTC_ab0f1.dir/CheckFunctionExists.c.o   -c /u/sw/pkgs/toolchains/gcc-glibc/4.8/base/share/cmake-3.5/Modules/CheckFunctionExists.c
Linking C executable cmTC_ab0f1
/u/sw/pkgs/toolchains/gcc-glibc/4.8/base/bin/cmake -E cmake_link_script CMakeFiles/cmTC_ab0f1.dir/link.txt --verbose=1
/u/sw/pkgs/toolchains/gcc-glibc/4.8/prefix/bin/cc   -DCHECK_FUNCTION_EXISTS=pthread_create    CMakeFiles/cmTC_ab0f1.dir/CheckFunctionExists.c.o  -o cmTC_ab0f1 -rdynamic -lpthreads 
/u/sw/pkgs/toolchains/gcc-glibc/4.8/prefix/lib/gcc/x86_64-mk-linux/4.8.5/../../../../x86_64-mk-linux/bin/ld: cannot find -lpthreads
collect2: error: ld returned 1 exit status
CMakeFiles/cmTC_ab0f1.dir/build.make:97: recipe for target 'cmTC_ab0f1' failed
gmake[1]: *** [cmTC_ab0f1] Error 1
gmake[1]: Leaving directory '/u/archive/agip/cerroni/software/cgal/basinator/build/CMakeFiles/CMakeTmp'
Makefile:126: recipe for target 'cmTC_ab0f1/fast' failed
gmake: *** [cmTC_ab0f1/fast] Error 2


