The system is: Linux - 3.10.0-862.3.2.el7.x86_64 - x86_64
Compiling the C compiler identification source file "CMakeCCompilerId.c" succeeded.
Compiler: /u/sw/pkgs/toolchains/gcc-glibc/4.8/prefix/bin/cc 
Build flags: 
Id flags: 

The output was:
0


Compilation of the C compiler identification source "CMakeCCompilerId.c" produced "a.out"

The C compiler identification is GNU, found in "/u/archive/agip/cerroni/software/cgal/basinator/build/CMakeFiles/3.5.0/CompilerIdC/a.out"

Compiling the CXX compiler identification source file "CMakeCXXCompilerId.cpp" succeeded.
Compiler: /u/sw/pkgs/toolchains/gcc-glibc/4.8/prefix/bin/c++ 
Build flags: 
Id flags: 

The output was:
0


Compilation of the CXX compiler identification source "CMakeCXXCompilerId.cpp" produced "a.out"

The CXX compiler identification is GNU, found in "/u/archive/agip/cerroni/software/cgal/basinator/build/CMakeFiles/3.5.0/CompilerIdCXX/a.out"

Determining if the C compiler works passed with the following output:
Change Dir: /u/archive/agip/cerroni/software/cgal/basinator/build/CMakeFiles/CMakeTmp

Run Build Command:"/u/sw/pkgs/toolchains/gcc-glibc/4.8/base/bin/gmake" "cmTC_d5a2b/fast"
/u/sw/pkgs/toolchains/gcc-glibc/4.8/base/bin/gmake -f CMakeFiles/cmTC_d5a2b.dir/build.make CMakeFiles/cmTC_d5a2b.dir/build
gmake[1]: Entering directory '/u/archive/agip/cerroni/software/cgal/basinator/build/CMakeFiles/CMakeTmp'
Building C object CMakeFiles/cmTC_d5a2b.dir/testCCompiler.c.o
/u/sw/pkgs/toolchains/gcc-glibc/4.8/prefix/bin/cc     -o CMakeFiles/cmTC_d5a2b.dir/testCCompiler.c.o   -c /u/archive/agip/cerroni/software/cgal/basinator/build/CMakeFiles/CMakeTmp/testCCompiler.c
Linking C executable cmTC_d5a2b
/u/sw/pkgs/toolchains/gcc-glibc/4.8/base/bin/cmake -E cmake_link_script CMakeFiles/cmTC_d5a2b.dir/link.txt --verbose=1
/u/sw/pkgs/toolchains/gcc-glibc/4.8/prefix/bin/cc       CMakeFiles/cmTC_d5a2b.dir/testCCompiler.c.o  -o cmTC_d5a2b -rdynamic 
gmake[1]: Leaving directory '/u/archive/agip/cerroni/software/cgal/basinator/build/CMakeFiles/CMakeTmp'


Detecting C compiler ABI info compiled with the following output:
Change Dir: /u/archive/agip/cerroni/software/cgal/basinator/build/CMakeFiles/CMakeTmp

Run Build Command:"/u/sw/pkgs/toolchains/gcc-glibc/4.8/base/bin/gmake" "cmTC_a4c4a/fast"
/u/sw/pkgs/toolchains/gcc-glibc/4.8/base/bin/gmake -f CMakeFiles/cmTC_a4c4a.dir/build.make CMakeFiles/cmTC_a4c4a.dir/build
gmake[1]: Entering directory '/u/archive/agip/cerroni/software/cgal/basinator/build/CMakeFiles/CMakeTmp'
Building C object CMakeFiles/cmTC_a4c4a.dir/CMakeCCompilerABI.c.o
/u/sw/pkgs/toolchains/gcc-glibc/4.8/prefix/bin/cc     -o CMakeFiles/cmTC_a4c4a.dir/CMakeCCompilerABI.c.o   -c /u/sw/pkgs/toolchains/gcc-glibc/4.8/base/share/cmake-3.5/Modules/CMakeCCompilerABI.c
Linking C executable cmTC_a4c4a
/u/sw/pkgs/toolchains/gcc-glibc/4.8/base/bin/cmake -E cmake_link_script CMakeFiles/cmTC_a4c4a.dir/link.txt --verbose=1
/u/sw/pkgs/toolchains/gcc-glibc/4.8/prefix/bin/cc      -v CMakeFiles/cmTC_a4c4a.dir/CMakeCCompilerABI.c.o  -o cmTC_a4c4a -rdynamic  
Using built-in specs.
COLLECT_GCC=/u/sw/pkgs/toolchains/gcc-glibc/4.8/prefix/bin/cc
COLLECT_LTO_WRAPPER=/u/sw/pkgs/toolchains/gcc-glibc/4.8/prefix/libexec/gcc/x86_64-mk-linux/4.8.5/lto-wrapper
Target: x86_64-mk-linux
Configured with: ../gcc-4.8.5/configure --build=x86_64-mk-linux --prefix=/u/sw/pkgs/toolchains/gcc-glibc/4.8/prefix --with-local-prefix=/u/sw/pkgs/toolchains/gcc-glibc/4.8/base --with-native-system-header-dir=/u/sw/pkgs/toolchains/gcc-glibc/4.8/prefix/include --with-pkgversion=mk --with-bugurl=https://bitbucket.org/mattiapenati/mk/issues --disable-nls --disable-multilib --enable-shared --enable-threads=posix --enable-__cxa_atexit --enable-lto --enable-libgomp --disable-libstdcxx-pch --enable-bootstrap --enable-languages=c,c++,fortran
Thread model: posix
gcc version 4.8.5 (mk) 
COMPILER_PATH=/u/sw/pkgs/toolchains/gcc-glibc/4.8/prefix/libexec/gcc/x86_64-mk-linux/4.8.5/:/u/sw/pkgs/toolchains/gcc-glibc/4.8/prefix/libexec/gcc/x86_64-mk-linux/4.8.5/:/u/sw/pkgs/toolchains/gcc-glibc/4.8/prefix/libexec/gcc/x86_64-mk-linux/:/u/sw/pkgs/toolchains/gcc-glibc/4.8/prefix/lib/gcc/x86_64-mk-linux/4.8.5/:/u/sw/pkgs/toolchains/gcc-glibc/4.8/prefix/lib/gcc/x86_64-mk-linux/:/u/sw/pkgs/toolchains/gcc-glibc/4.8/prefix/lib/gcc/x86_64-mk-linux/4.8.5/../../../../x86_64-mk-linux/bin/
LIBRARY_PATH=/u/sw/pkgs/toolchains/gcc-glibc/4.8/prefix/lib/gcc/x86_64-mk-linux/4.8.5/:/u/sw/pkgs/toolchains/gcc-glibc/4.8/prefix/lib/gcc/x86_64-mk-linux/4.8.5/../../../../x86_64-mk-linux/lib/../lib/:/u/sw/pkgs/toolchains/gcc-glibc/4.8/prefix/lib/gcc/x86_64-mk-linux/4.8.5/../../../../lib/:/u/sw/pkgs/toolchains/gcc-glibc/4.8/prefix/lib/gcc/x86_64-mk-linux/4.8.5/../../../../x86_64-mk-linux/lib/:/u/sw/pkgs/toolchains/gcc-glibc/4.8/prefix/lib/gcc/x86_64-mk-linux/4.8.5/../../../:/u/sw/pkgs/toolchains/gcc-glibc/4.8/prefix/lib:/u/sw/pkgs/toolchains/gcc-glibc/4.8/base/lib
COLLECT_GCC_OPTIONS='-v' '-o' 'cmTC_a4c4a' '-rdynamic' '-mtune=generic' '-march=x86-64'
 /u/sw/pkgs/toolchains/gcc-glibc/4.8/prefix/libexec/gcc/x86_64-mk-linux/4.8.5/collect2 --eh-frame-hdr -m elf_x86_64 -export-dynamic -dynamic-linker /u/sw/pkgs/toolchains/gcc-glibc/4.8/prefix/lib/ld-linux-x86-64.so.2 -o cmTC_a4c4a /u/sw/pkgs/toolchains/gcc-glibc/4.8/prefix/lib/gcc/x86_64-mk-linux/4.8.5/../../../../lib/crt1.o /u/sw/pkgs/toolchains/gcc-glibc/4.8/prefix/lib/gcc/x86_64-mk-linux/4.8.5/../../../../lib/crti.o /u/sw/pkgs/toolchains/gcc-glibc/4.8/prefix/lib/gcc/x86_64-mk-linux/4.8.5/crtbegin.o -L/u/sw/pkgs/toolchains/gcc-glibc/4.8/prefix/lib/gcc/x86_64-mk-linux/4.8.5 -L/u/sw/pkgs/toolchains/gcc-glibc/4.8/prefix/lib/gcc/x86_64-mk-linux/4.8.5/../../../../x86_64-mk-linux/lib/../lib -L/u/sw/pkgs/toolchains/gcc-glibc/4.8/prefix/lib/gcc/x86_64-mk-linux/4.8.5/../../../../lib -L/u/sw/pkgs/toolchains/gcc-glibc/4.8/prefix/lib/gcc/x86_64-mk-linux/4.8.5/../../../../x86_64-mk-linux/lib -L/u/sw/pkgs/toolchains/gcc-glibc/4.8/prefix/lib/gcc/x86_64-mk-linux/4.8.5/../../.. -L/u/sw/pkgs/toolchains/gcc-glibc/4.8/prefix/lib -L/u/sw/pkgs/toolchains/gcc-glibc/4.8/base/lib CMakeFiles/cmTC_a4c4a.dir/CMakeCCompilerABI.c.o -lgcc --as-needed -lgcc_s --no-as-needed -lc -lgcc --as-needed -lgcc_s --no-as-needed /u/sw/pkgs/toolchains/gcc-glibc/4.8/prefix/lib/gcc/x86_64-mk-linux/4.8.5/crtend.o /u/sw/pkgs/toolchains/gcc-glibc/4.8/prefix/lib/gcc/x86_64-mk-linux/4.8.5/../../../../lib/crtn.o
gmake[1]: Leaving directory '/u/archive/agip/cerroni/software/cgal/basinator/build/CMakeFiles/CMakeTmp'


Parsed C implicit link information from above output:
  link line regex: [^( *|.*[/\])(ld|([^/\]+-)?ld|collect2)[^/\]*( |$)]
  ignore line: [Change Dir: /u/archive/agip/cerroni/software/cgal/basinator/build/CMakeFiles/CMakeTmp]
  ignore line: []
  ignore line: [Run Build Command:"/u/sw/pkgs/toolchains/gcc-glibc/4.8/base/bin/gmake" "cmTC_a4c4a/fast"]
  ignore line: [/u/sw/pkgs/toolchains/gcc-glibc/4.8/base/bin/gmake -f CMakeFiles/cmTC_a4c4a.dir/build.make CMakeFiles/cmTC_a4c4a.dir/build]
  ignore line: [gmake[1]: Entering directory '/u/archive/agip/cerroni/software/cgal/basinator/build/CMakeFiles/CMakeTmp']
  ignore line: [Building C object CMakeFiles/cmTC_a4c4a.dir/CMakeCCompilerABI.c.o]
  ignore line: [/u/sw/pkgs/toolchains/gcc-glibc/4.8/prefix/bin/cc     -o CMakeFiles/cmTC_a4c4a.dir/CMakeCCompilerABI.c.o   -c /u/sw/pkgs/toolchains/gcc-glibc/4.8/base/share/cmake-3.5/Modules/CMakeCCompilerABI.c]
  ignore line: [Linking C executable cmTC_a4c4a]
  ignore line: [/u/sw/pkgs/toolchains/gcc-glibc/4.8/base/bin/cmake -E cmake_link_script CMakeFiles/cmTC_a4c4a.dir/link.txt --verbose=1]
  ignore line: [/u/sw/pkgs/toolchains/gcc-glibc/4.8/prefix/bin/cc      -v CMakeFiles/cmTC_a4c4a.dir/CMakeCCompilerABI.c.o  -o cmTC_a4c4a -rdynamic  ]
  ignore line: [Using built-in specs.]
  ignore line: [COLLECT_GCC=/u/sw/pkgs/toolchains/gcc-glibc/4.8/prefix/bin/cc]
  ignore line: [COLLECT_LTO_WRAPPER=/u/sw/pkgs/toolchains/gcc-glibc/4.8/prefix/libexec/gcc/x86_64-mk-linux/4.8.5/lto-wrapper]
  ignore line: [Target: x86_64-mk-linux]
  ignore line: [Configured with: ../gcc-4.8.5/configure --build=x86_64-mk-linux --prefix=/u/sw/pkgs/toolchains/gcc-glibc/4.8/prefix --with-local-prefix=/u/sw/pkgs/toolchains/gcc-glibc/4.8/base --with-native-system-header-dir=/u/sw/pkgs/toolchains/gcc-glibc/4.8/prefix/include --with-pkgversion=mk --with-bugurl=https://bitbucket.org/mattiapenati/mk/issues --disable-nls --disable-multilib --enable-shared --enable-threads=posix --enable-__cxa_atexit --enable-lto --enable-libgomp --disable-libstdcxx-pch --enable-bootstrap --enable-languages=c,c++,fortran]
  ignore line: [Thread model: posix]
  ignore line: [gcc version 4.8.5 (mk) ]
  ignore line: [COMPILER_PATH=/u/sw/pkgs/toolchains/gcc-glibc/4.8/prefix/libexec/gcc/x86_64-mk-linux/4.8.5/:/u/sw/pkgs/toolchains/gcc-glibc/4.8/prefix/libexec/gcc/x86_64-mk-linux/4.8.5/:/u/sw/pkgs/toolchains/gcc-glibc/4.8/prefix/libexec/gcc/x86_64-mk-linux/:/u/sw/pkgs/toolchains/gcc-glibc/4.8/prefix/lib/gcc/x86_64-mk-linux/4.8.5/:/u/sw/pkgs/toolchains/gcc-glibc/4.8/prefix/lib/gcc/x86_64-mk-linux/:/u/sw/pkgs/toolchains/gcc-glibc/4.8/prefix/lib/gcc/x86_64-mk-linux/4.8.5/../../../../x86_64-mk-linux/bin/]
  ignore line: [LIBRARY_PATH=/u/sw/pkgs/toolchains/gcc-glibc/4.8/prefix/lib/gcc/x86_64-mk-linux/4.8.5/:/u/sw/pkgs/toolchains/gcc-glibc/4.8/prefix/lib/gcc/x86_64-mk-linux/4.8.5/../../../../x86_64-mk-linux/lib/../lib/:/u/sw/pkgs/toolchains/gcc-glibc/4.8/prefix/lib/gcc/x86_64-mk-linux/4.8.5/../../../../lib/:/u/sw/pkgs/toolchains/gcc-glibc/4.8/prefix/lib/gcc/x86_64-mk-linux/4.8.5/../../../../x86_64-mk-linux/lib/:/u/sw/pkgs/toolchains/gcc-glibc/4.8/prefix/lib/gcc/x86_64-mk-linux/4.8.5/../../../:/u/sw/pkgs/toolchains/gcc-glibc/4.8/prefix/lib:/u/sw/pkgs/toolchains/gcc-glibc/4.8/base/lib]
  ignore line: [COLLECT_GCC_OPTIONS='-v' '-o' 'cmTC_a4c4a' '-rdynamic' '-mtune=generic' '-march=x86-64']
  link line: [ /u/sw/pkgs/toolchains/gcc-glibc/4.8/prefix/libexec/gcc/x86_64-mk-linux/4.8.5/collect2 --eh-frame-hdr -m elf_x86_64 -export-dynamic -dynamic-linker /u/sw/pkgs/toolchains/gcc-glibc/4.8/prefix/lib/ld-linux-x86-64.so.2 -o cmTC_a4c4a /u/sw/pkgs/toolchains/gcc-glibc/4.8/prefix/lib/gcc/x86_64-mk-linux/4.8.5/../../../../lib/crt1.o /u/sw/pkgs/toolchains/gcc-glibc/4.8/prefix/lib/gcc/x86_64-mk-linux/4.8.5/../../../../lib/crti.o /u/sw/pkgs/toolchains/gcc-glibc/4.8/prefix/lib/gcc/x86_64-mk-linux/4.8.5/crtbegin.o -L/u/sw/pkgs/toolchains/gcc-glibc/4.8/prefix/lib/gcc/x86_64-mk-linux/4.8.5 -L/u/sw/pkgs/toolchains/gcc-glibc/4.8/prefix/lib/gcc/x86_64-mk-linux/4.8.5/../../../../x86_64-mk-linux/lib/../lib -L/u/sw/pkgs/toolchains/gcc-glibc/4.8/prefix/lib/gcc/x86_64-mk-linux/4.8.5/../../../../lib -L/u/sw/pkgs/toolchains/gcc-glibc/4.8/prefix/lib/gcc/x86_64-mk-linux/4.8.5/../../../../x86_64-mk-linux/lib -L/u/sw/pkgs/toolchains/gcc-glibc/4.8/prefix/lib/gcc/x86_64-mk-linux/4.8.5/../../.. -L/u/sw/pkgs/toolchains/gcc-glibc/4.8/prefix/lib -L/u/sw/pkgs/toolchains/gcc-glibc/4.8/base/lib CMakeFiles/cmTC_a4c4a.dir/CMakeCCompilerABI.c.o -lgcc --as-needed -lgcc_s --no-as-needed -lc -lgcc --as-needed -lgcc_s --no-as-needed /u/sw/pkgs/toolchains/gcc-glibc/4.8/prefix/lib/gcc/x86_64-mk-linux/4.8.5/crtend.o /u/sw/pkgs/toolchains/gcc-glibc/4.8/prefix/lib/gcc/x86_64-mk-linux/4.8.5/../../../../lib/crtn.o]
    arg [/u/sw/pkgs/toolchains/gcc-glibc/4.8/prefix/libexec/gcc/x86_64-mk-linux/4.8.5/collect2] ==> ignore
    arg [--eh-frame-hdr] ==> ignore
    arg [-m] ==> ignore
    arg [elf_x86_64] ==> ignore
    arg [-export-dynamic] ==> ignore
    arg [-dynamic-linker] ==> ignore
    arg [/u/sw/pkgs/toolchains/gcc-glibc/4.8/prefix/lib/ld-linux-x86-64.so.2] ==> ignore
    arg [-o] ==> ignore
    arg [cmTC_a4c4a] ==> ignore
    arg [/u/sw/pkgs/toolchains/gcc-glibc/4.8/prefix/lib/gcc/x86_64-mk-linux/4.8.5/../../../../lib/crt1.o] ==> ignore
    arg [/u/sw/pkgs/toolchains/gcc-glibc/4.8/prefix/lib/gcc/x86_64-mk-linux/4.8.5/../../../../lib/crti.o] ==> ignore
    arg [/u/sw/pkgs/toolchains/gcc-glibc/4.8/prefix/lib/gcc/x86_64-mk-linux/4.8.5/crtbegin.o] ==> ignore
    arg [-L/u/sw/pkgs/toolchains/gcc-glibc/4.8/prefix/lib/gcc/x86_64-mk-linux/4.8.5] ==> dir [/u/sw/pkgs/toolchains/gcc-glibc/4.8/prefix/lib/gcc/x86_64-mk-linux/4.8.5]
    arg [-L/u/sw/pkgs/toolchains/gcc-glibc/4.8/prefix/lib/gcc/x86_64-mk-linux/4.8.5/../../../../x86_64-mk-linux/lib/../lib] ==> dir [/u/sw/pkgs/toolchains/gcc-glibc/4.8/prefix/lib/gcc/x86_64-mk-linux/4.8.5/../../../../x86_64-mk-linux/lib/../lib]
    arg [-L/u/sw/pkgs/toolchains/gcc-glibc/4.8/prefix/lib/gcc/x86_64-mk-linux/4.8.5/../../../../lib] ==> dir [/u/sw/pkgs/toolchains/gcc-glibc/4.8/prefix/lib/gcc/x86_64-mk-linux/4.8.5/../../../../lib]
    arg [-L/u/sw/pkgs/toolchains/gcc-glibc/4.8/prefix/lib/gcc/x86_64-mk-linux/4.8.5/../../../../x86_64-mk-linux/lib] ==> dir [/u/sw/pkgs/toolchains/gcc-glibc/4.8/prefix/lib/gcc/x86_64-mk-linux/4.8.5/../../../../x86_64-mk-linux/lib]
    arg [-L/u/sw/pkgs/toolchains/gcc-glibc/4.8/prefix/lib/gcc/x86_64-mk-linux/4.8.5/../../..] ==> dir [/u/sw/pkgs/toolchains/gcc-glibc/4.8/prefix/lib/gcc/x86_64-mk-linux/4.8.5/../../..]
    arg [-L/u/sw/pkgs/toolchains/gcc-glibc/4.8/prefix/lib] ==> dir [/u/sw/pkgs/toolchains/gcc-glibc/4.8/prefix/lib]
    arg [-L/u/sw/pkgs/toolchains/gcc-glibc/4.8/base/lib] ==> dir [/u/sw/pkgs/toolchains/gcc-glibc/4.8/base/lib]
    arg [CMakeFiles/cmTC_a4c4a.dir/CMakeCCompilerABI.c.o] ==> ignore
    arg [-lgcc] ==> lib [gcc]
    arg [--as-needed] ==> ignore
    arg [-lgcc_s] ==> lib [gcc_s]
    arg [--no-as-needed] ==> ignore
    arg [-lc] ==> lib [c]
    arg [-lgcc] ==> lib [gcc]
    arg [--as-needed] ==> ignore
    arg [-lgcc_s] ==> lib [gcc_s]
    arg [--no-as-needed] ==> ignore
    arg [/u/sw/pkgs/toolchains/gcc-glibc/4.8/prefix/lib/gcc/x86_64-mk-linux/4.8.5/crtend.o] ==> ignore
    arg [/u/sw/pkgs/toolchains/gcc-glibc/4.8/prefix/lib/gcc/x86_64-mk-linux/4.8.5/../../../../lib/crtn.o] ==> ignore
  remove lib [gcc]
  remove lib [gcc_s]
  remove lib [gcc]
  remove lib [gcc_s]
  collapse library dir [/u/sw/pkgs/toolchains/gcc-glibc/4.8/prefix/lib/gcc/x86_64-mk-linux/4.8.5] ==> [/u/sw/pkgs/toolchains/gcc-glibc/4.8/prefix/lib/gcc/x86_64-mk-linux/4.8.5]
  collapse library dir [/u/sw/pkgs/toolchains/gcc-glibc/4.8/prefix/lib/gcc/x86_64-mk-linux/4.8.5/../../../../x86_64-mk-linux/lib/../lib] ==> [/u/sw/pkgs/toolchains/gcc-glibc/4.8/prefix/x86_64-mk-linux/lib]
  collapse library dir [/u/sw/pkgs/toolchains/gcc-glibc/4.8/prefix/lib/gcc/x86_64-mk-linux/4.8.5/../../../../lib] ==> [/u/sw/pkgs/toolchains/gcc-glibc/4.8/prefix/lib]
  collapse library dir [/u/sw/pkgs/toolchains/gcc-glibc/4.8/prefix/lib/gcc/x86_64-mk-linux/4.8.5/../../../../x86_64-mk-linux/lib] ==> [/u/sw/pkgs/toolchains/gcc-glibc/4.8/prefix/x86_64-mk-linux/lib]
  collapse library dir [/u/sw/pkgs/toolchains/gcc-glibc/4.8/prefix/lib/gcc/x86_64-mk-linux/4.8.5/../../..] ==> [/u/sw/pkgs/toolchains/gcc-glibc/4.8/prefix/lib]
  collapse library dir [/u/sw/pkgs/toolchains/gcc-glibc/4.8/prefix/lib] ==> [/u/sw/pkgs/toolchains/gcc-glibc/4.8/prefix/lib]
  collapse library dir [/u/sw/pkgs/toolchains/gcc-glibc/4.8/base/lib] ==> [/u/sw/pkgs/toolchains/gcc-glibc/4.8/base/lib]
  implicit libs: [c]
  implicit dirs: [/u/sw/pkgs/toolchains/gcc-glibc/4.8/prefix/lib/gcc/x86_64-mk-linux/4.8.5;/u/sw/pkgs/toolchains/gcc-glibc/4.8/prefix/x86_64-mk-linux/lib;/u/sw/pkgs/toolchains/gcc-glibc/4.8/prefix/lib;/u/sw/pkgs/toolchains/gcc-glibc/4.8/base/lib]
  implicit fwks: []




Detecting C [-std=c11] compiler features compiled with the following output:
Change Dir: /u/archive/agip/cerroni/software/cgal/basinator/build/CMakeFiles/CMakeTmp

Run Build Command:"/u/sw/pkgs/toolchains/gcc-glibc/4.8/base/bin/gmake" "cmTC_4a3d5/fast"
/u/sw/pkgs/toolchains/gcc-glibc/4.8/base/bin/gmake -f CMakeFiles/cmTC_4a3d5.dir/build.make CMakeFiles/cmTC_4a3d5.dir/build
gmake[1]: Entering directory '/u/archive/agip/cerroni/software/cgal/basinator/build/CMakeFiles/CMakeTmp'
Building C object CMakeFiles/cmTC_4a3d5.dir/feature_tests.c.o
/u/sw/pkgs/toolchains/gcc-glibc/4.8/prefix/bin/cc    -std=c11 -o CMakeFiles/cmTC_4a3d5.dir/feature_tests.c.o   -c /u/archive/agip/cerroni/software/cgal/basinator/build/CMakeFiles/feature_tests.c
Linking C executable cmTC_4a3d5
/u/sw/pkgs/toolchains/gcc-glibc/4.8/base/bin/cmake -E cmake_link_script CMakeFiles/cmTC_4a3d5.dir/link.txt --verbose=1
/u/sw/pkgs/toolchains/gcc-glibc/4.8/prefix/bin/cc       CMakeFiles/cmTC_4a3d5.dir/feature_tests.c.o  -o cmTC_4a3d5 -rdynamic 
gmake[1]: Leaving directory '/u/archive/agip/cerroni/software/cgal/basinator/build/CMakeFiles/CMakeTmp'


    Feature record: C_FEATURE:1c_function_prototypes
    Feature record: C_FEATURE:1c_restrict
    Feature record: C_FEATURE:1c_static_assert
    Feature record: C_FEATURE:1c_variadic_macros


Detecting C [-std=c99] compiler features compiled with the following output:
Change Dir: /u/archive/agip/cerroni/software/cgal/basinator/build/CMakeFiles/CMakeTmp

Run Build Command:"/u/sw/pkgs/toolchains/gcc-glibc/4.8/base/bin/gmake" "cmTC_2874c/fast"
/u/sw/pkgs/toolchains/gcc-glibc/4.8/base/bin/gmake -f CMakeFiles/cmTC_2874c.dir/build.make CMakeFiles/cmTC_2874c.dir/build
gmake[1]: Entering directory '/u/archive/agip/cerroni/software/cgal/basinator/build/CMakeFiles/CMakeTmp'
Building C object CMakeFiles/cmTC_2874c.dir/feature_tests.c.o
/u/sw/pkgs/toolchains/gcc-glibc/4.8/prefix/bin/cc    -std=c99 -o CMakeFiles/cmTC_2874c.dir/feature_tests.c.o   -c /u/archive/agip/cerroni/software/cgal/basinator/build/CMakeFiles/feature_tests.c
Linking C executable cmTC_2874c
/u/sw/pkgs/toolchains/gcc-glibc/4.8/base/bin/cmake -E cmake_link_script CMakeFiles/cmTC_2874c.dir/link.txt --verbose=1
/u/sw/pkgs/toolchains/gcc-glibc/4.8/prefix/bin/cc       CMakeFiles/cmTC_2874c.dir/feature_tests.c.o  -o cmTC_2874c -rdynamic 
gmake[1]: Leaving directory '/u/archive/agip/cerroni/software/cgal/basinator/build/CMakeFiles/CMakeTmp'


    Feature record: C_FEATURE:1c_function_prototypes
    Feature record: C_FEATURE:1c_restrict
    Feature record: C_FEATURE:0c_static_assert
    Feature record: C_FEATURE:1c_variadic_macros


Detecting C [-std=c90] compiler features compiled with the following output:
Change Dir: /u/archive/agip/cerroni/software/cgal/basinator/build/CMakeFiles/CMakeTmp

Run Build Command:"/u/sw/pkgs/toolchains/gcc-glibc/4.8/base/bin/gmake" "cmTC_68ebb/fast"
/u/sw/pkgs/toolchains/gcc-glibc/4.8/base/bin/gmake -f CMakeFiles/cmTC_68ebb.dir/build.make CMakeFiles/cmTC_68ebb.dir/build
gmake[1]: Entering directory '/u/archive/agip/cerroni/software/cgal/basinator/build/CMakeFiles/CMakeTmp'
Building C object CMakeFiles/cmTC_68ebb.dir/feature_tests.c.o
/u/sw/pkgs/toolchains/gcc-glibc/4.8/prefix/bin/cc    -std=c90 -o CMakeFiles/cmTC_68ebb.dir/feature_tests.c.o   -c /u/archive/agip/cerroni/software/cgal/basinator/build/CMakeFiles/feature_tests.c
Linking C executable cmTC_68ebb
/u/sw/pkgs/toolchains/gcc-glibc/4.8/base/bin/cmake -E cmake_link_script CMakeFiles/cmTC_68ebb.dir/link.txt --verbose=1
/u/sw/pkgs/toolchains/gcc-glibc/4.8/prefix/bin/cc       CMakeFiles/cmTC_68ebb.dir/feature_tests.c.o  -o cmTC_68ebb -rdynamic 
gmake[1]: Leaving directory '/u/archive/agip/cerroni/software/cgal/basinator/build/CMakeFiles/CMakeTmp'


    Feature record: C_FEATURE:1c_function_prototypes
    Feature record: C_FEATURE:0c_restrict
    Feature record: C_FEATURE:0c_static_assert
    Feature record: C_FEATURE:0c_variadic_macros
Determining if the CXX compiler works passed with the following output:
Change Dir: /u/archive/agip/cerroni/software/cgal/basinator/build/CMakeFiles/CMakeTmp

Run Build Command:"/u/sw/pkgs/toolchains/gcc-glibc/4.8/base/bin/gmake" "cmTC_cd93d/fast"
/u/sw/pkgs/toolchains/gcc-glibc/4.8/base/bin/gmake -f CMakeFiles/cmTC_cd93d.dir/build.make CMakeFiles/cmTC_cd93d.dir/build
gmake[1]: Entering directory '/u/archive/agip/cerroni/software/cgal/basinator/build/CMakeFiles/CMakeTmp'
Building CXX object CMakeFiles/cmTC_cd93d.dir/testCXXCompiler.cxx.o
/u/sw/pkgs/toolchains/gcc-glibc/4.8/prefix/bin/c++      -o CMakeFiles/cmTC_cd93d.dir/testCXXCompiler.cxx.o -c /u/archive/agip/cerroni/software/cgal/basinator/build/CMakeFiles/CMakeTmp/testCXXCompiler.cxx
Linking CXX executable cmTC_cd93d
/u/sw/pkgs/toolchains/gcc-glibc/4.8/base/bin/cmake -E cmake_link_script CMakeFiles/cmTC_cd93d.dir/link.txt --verbose=1
/u/sw/pkgs/toolchains/gcc-glibc/4.8/prefix/bin/c++        CMakeFiles/cmTC_cd93d.dir/testCXXCompiler.cxx.o  -o cmTC_cd93d -rdynamic 
gmake[1]: Leaving directory '/u/archive/agip/cerroni/software/cgal/basinator/build/CMakeFiles/CMakeTmp'


Detecting CXX compiler ABI info compiled with the following output:
Change Dir: /u/archive/agip/cerroni/software/cgal/basinator/build/CMakeFiles/CMakeTmp

Run Build Command:"/u/sw/pkgs/toolchains/gcc-glibc/4.8/base/bin/gmake" "cmTC_cb07d/fast"
/u/sw/pkgs/toolchains/gcc-glibc/4.8/base/bin/gmake -f CMakeFiles/cmTC_cb07d.dir/build.make CMakeFiles/cmTC_cb07d.dir/build
gmake[1]: Entering directory '/u/archive/agip/cerroni/software/cgal/basinator/build/CMakeFiles/CMakeTmp'
Building CXX object CMakeFiles/cmTC_cb07d.dir/CMakeCXXCompilerABI.cpp.o
/u/sw/pkgs/toolchains/gcc-glibc/4.8/prefix/bin/c++      -o CMakeFiles/cmTC_cb07d.dir/CMakeCXXCompilerABI.cpp.o -c /u/sw/pkgs/toolchains/gcc-glibc/4.8/base/share/cmake-3.5/Modules/CMakeCXXCompilerABI.cpp
Linking CXX executable cmTC_cb07d
/u/sw/pkgs/toolchains/gcc-glibc/4.8/base/bin/cmake -E cmake_link_script CMakeFiles/cmTC_cb07d.dir/link.txt --verbose=1
/u/sw/pkgs/toolchains/gcc-glibc/4.8/prefix/bin/c++       -v CMakeFiles/cmTC_cb07d.dir/CMakeCXXCompilerABI.cpp.o  -o cmTC_cb07d -rdynamic  
Using built-in specs.
COLLECT_GCC=/u/sw/pkgs/toolchains/gcc-glibc/4.8/prefix/bin/c++
COLLECT_LTO_WRAPPER=/u/sw/pkgs/toolchains/gcc-glibc/4.8/prefix/libexec/gcc/x86_64-mk-linux/4.8.5/lto-wrapper
Target: x86_64-mk-linux
Configured with: ../gcc-4.8.5/configure --build=x86_64-mk-linux --prefix=/u/sw/pkgs/toolchains/gcc-glibc/4.8/prefix --with-local-prefix=/u/sw/pkgs/toolchains/gcc-glibc/4.8/base --with-native-system-header-dir=/u/sw/pkgs/toolchains/gcc-glibc/4.8/prefix/include --with-pkgversion=mk --with-bugurl=https://bitbucket.org/mattiapenati/mk/issues --disable-nls --disable-multilib --enable-shared --enable-threads=posix --enable-__cxa_atexit --enable-lto --enable-libgomp --disable-libstdcxx-pch --enable-bootstrap --enable-languages=c,c++,fortran
Thread model: posix
gcc version 4.8.5 (mk) 
COMPILER_PATH=/u/sw/pkgs/toolchains/gcc-glibc/4.8/prefix/libexec/gcc/x86_64-mk-linux/4.8.5/:/u/sw/pkgs/toolchains/gcc-glibc/4.8/prefix/libexec/gcc/x86_64-mk-linux/4.8.5/:/u/sw/pkgs/toolchains/gcc-glibc/4.8/prefix/libexec/gcc/x86_64-mk-linux/:/u/sw/pkgs/toolchains/gcc-glibc/4.8/prefix/lib/gcc/x86_64-mk-linux/4.8.5/:/u/sw/pkgs/toolchains/gcc-glibc/4.8/prefix/lib/gcc/x86_64-mk-linux/:/u/sw/pkgs/toolchains/gcc-glibc/4.8/prefix/lib/gcc/x86_64-mk-linux/4.8.5/../../../../x86_64-mk-linux/bin/
LIBRARY_PATH=/u/sw/pkgs/toolchains/gcc-glibc/4.8/prefix/lib/gcc/x86_64-mk-linux/4.8.5/:/u/sw/pkgs/toolchains/gcc-glibc/4.8/prefix/lib/gcc/x86_64-mk-linux/4.8.5/../../../../x86_64-mk-linux/lib/../lib/:/u/sw/pkgs/toolchains/gcc-glibc/4.8/prefix/lib/gcc/x86_64-mk-linux/4.8.5/../../../../lib/:/u/sw/pkgs/toolchains/gcc-glibc/4.8/prefix/lib/gcc/x86_64-mk-linux/4.8.5/../../../../x86_64-mk-linux/lib/:/u/sw/pkgs/toolchains/gcc-glibc/4.8/prefix/lib/gcc/x86_64-mk-linux/4.8.5/../../../:/u/sw/pkgs/toolchains/gcc-glibc/4.8/prefix/lib:/u/sw/pkgs/toolchains/gcc-glibc/4.8/base/lib
COLLECT_GCC_OPTIONS='-v' '-o' 'cmTC_cb07d' '-rdynamic' '-shared-libgcc' '-mtune=generic' '-march=x86-64'
 /u/sw/pkgs/toolchains/gcc-glibc/4.8/prefix/libexec/gcc/x86_64-mk-linux/4.8.5/collect2 --eh-frame-hdr -m elf_x86_64 -export-dynamic -dynamic-linker /u/sw/pkgs/toolchains/gcc-glibc/4.8/prefix/lib/ld-linux-x86-64.so.2 -o cmTC_cb07d /u/sw/pkgs/toolchains/gcc-glibc/4.8/prefix/lib/gcc/x86_64-mk-linux/4.8.5/../../../../lib/crt1.o /u/sw/pkgs/toolchains/gcc-glibc/4.8/prefix/lib/gcc/x86_64-mk-linux/4.8.5/../../../../lib/crti.o /u/sw/pkgs/toolchains/gcc-glibc/4.8/prefix/lib/gcc/x86_64-mk-linux/4.8.5/crtbegin.o -L/u/sw/pkgs/toolchains/gcc-glibc/4.8/prefix/lib/gcc/x86_64-mk-linux/4.8.5 -L/u/sw/pkgs/toolchains/gcc-glibc/4.8/prefix/lib/gcc/x86_64-mk-linux/4.8.5/../../../../x86_64-mk-linux/lib/../lib -L/u/sw/pkgs/toolchains/gcc-glibc/4.8/prefix/lib/gcc/x86_64-mk-linux/4.8.5/../../../../lib -L/u/sw/pkgs/toolchains/gcc-glibc/4.8/prefix/lib/gcc/x86_64-mk-linux/4.8.5/../../../../x86_64-mk-linux/lib -L/u/sw/pkgs/toolchains/gcc-glibc/4.8/prefix/lib/gcc/x86_64-mk-linux/4.8.5/../../.. -L/u/sw/pkgs/toolchains/gcc-glibc/4.8/prefix/lib -L/u/sw/pkgs/toolchains/gcc-glibc/4.8/base/lib CMakeFiles/cmTC_cb07d.dir/CMakeCXXCompilerABI.cpp.o -lstdc++ -lm -lgcc_s -lgcc -lc -lgcc_s -lgcc /u/sw/pkgs/toolchains/gcc-glibc/4.8/prefix/lib/gcc/x86_64-mk-linux/4.8.5/crtend.o /u/sw/pkgs/toolchains/gcc-glibc/4.8/prefix/lib/gcc/x86_64-mk-linux/4.8.5/../../../../lib/crtn.o
gmake[1]: Leaving directory '/u/archive/agip/cerroni/software/cgal/basinator/build/CMakeFiles/CMakeTmp'


Parsed CXX implicit link information from above output:
  link line regex: [^( *|.*[/\])(ld|([^/\]+-)?ld|collect2)[^/\]*( |$)]
  ignore line: [Change Dir: /u/archive/agip/cerroni/software/cgal/basinator/build/CMakeFiles/CMakeTmp]
  ignore line: []
  ignore line: [Run Build Command:"/u/sw/pkgs/toolchains/gcc-glibc/4.8/base/bin/gmake" "cmTC_cb07d/fast"]
  ignore line: [/u/sw/pkgs/toolchains/gcc-glibc/4.8/base/bin/gmake -f CMakeFiles/cmTC_cb07d.dir/build.make CMakeFiles/cmTC_cb07d.dir/build]
  ignore line: [gmake[1]: Entering directory '/u/archive/agip/cerroni/software/cgal/basinator/build/CMakeFiles/CMakeTmp']
  ignore line: [Building CXX object CMakeFiles/cmTC_cb07d.dir/CMakeCXXCompilerABI.cpp.o]
  ignore line: [/u/sw/pkgs/toolchains/gcc-glibc/4.8/prefix/bin/c++      -o CMakeFiles/cmTC_cb07d.dir/CMakeCXXCompilerABI.cpp.o -c /u/sw/pkgs/toolchains/gcc-glibc/4.8/base/share/cmake-3.5/Modules/CMakeCXXCompilerABI.cpp]
  ignore line: [Linking CXX executable cmTC_cb07d]
  ignore line: [/u/sw/pkgs/toolchains/gcc-glibc/4.8/base/bin/cmake -E cmake_link_script CMakeFiles/cmTC_cb07d.dir/link.txt --verbose=1]
  ignore line: [/u/sw/pkgs/toolchains/gcc-glibc/4.8/prefix/bin/c++       -v CMakeFiles/cmTC_cb07d.dir/CMakeCXXCompilerABI.cpp.o  -o cmTC_cb07d -rdynamic  ]
  ignore line: [Using built-in specs.]
  ignore line: [COLLECT_GCC=/u/sw/pkgs/toolchains/gcc-glibc/4.8/prefix/bin/c++]
  ignore line: [COLLECT_LTO_WRAPPER=/u/sw/pkgs/toolchains/gcc-glibc/4.8/prefix/libexec/gcc/x86_64-mk-linux/4.8.5/lto-wrapper]
  ignore line: [Target: x86_64-mk-linux]
  ignore line: [Configured with: ../gcc-4.8.5/configure --build=x86_64-mk-linux --prefix=/u/sw/pkgs/toolchains/gcc-glibc/4.8/prefix --with-local-prefix=/u/sw/pkgs/toolchains/gcc-glibc/4.8/base --with-native-system-header-dir=/u/sw/pkgs/toolchains/gcc-glibc/4.8/prefix/include --with-pkgversion=mk --with-bugurl=https://bitbucket.org/mattiapenati/mk/issues --disable-nls --disable-multilib --enable-shared --enable-threads=posix --enable-__cxa_atexit --enable-lto --enable-libgomp --disable-libstdcxx-pch --enable-bootstrap --enable-languages=c,c++,fortran]
  ignore line: [Thread model: posix]
  ignore line: [gcc version 4.8.5 (mk) ]
  ignore line: [COMPILER_PATH=/u/sw/pkgs/toolchains/gcc-glibc/4.8/prefix/libexec/gcc/x86_64-mk-linux/4.8.5/:/u/sw/pkgs/toolchains/gcc-glibc/4.8/prefix/libexec/gcc/x86_64-mk-linux/4.8.5/:/u/sw/pkgs/toolchains/gcc-glibc/4.8/prefix/libexec/gcc/x86_64-mk-linux/:/u/sw/pkgs/toolchains/gcc-glibc/4.8/prefix/lib/gcc/x86_64-mk-linux/4.8.5/:/u/sw/pkgs/toolchains/gcc-glibc/4.8/prefix/lib/gcc/x86_64-mk-linux/:/u/sw/pkgs/toolchains/gcc-glibc/4.8/prefix/lib/gcc/x86_64-mk-linux/4.8.5/../../../../x86_64-mk-linux/bin/]
  ignore line: [LIBRARY_PATH=/u/sw/pkgs/toolchains/gcc-glibc/4.8/prefix/lib/gcc/x86_64-mk-linux/4.8.5/:/u/sw/pkgs/toolchains/gcc-glibc/4.8/prefix/lib/gcc/x86_64-mk-linux/4.8.5/../../../../x86_64-mk-linux/lib/../lib/:/u/sw/pkgs/toolchains/gcc-glibc/4.8/prefix/lib/gcc/x86_64-mk-linux/4.8.5/../../../../lib/:/u/sw/pkgs/toolchains/gcc-glibc/4.8/prefix/lib/gcc/x86_64-mk-linux/4.8.5/../../../../x86_64-mk-linux/lib/:/u/sw/pkgs/toolchains/gcc-glibc/4.8/prefix/lib/gcc/x86_64-mk-linux/4.8.5/../../../:/u/sw/pkgs/toolchains/gcc-glibc/4.8/prefix/lib:/u/sw/pkgs/toolchains/gcc-glibc/4.8/base/lib]
  ignore line: [COLLECT_GCC_OPTIONS='-v' '-o' 'cmTC_cb07d' '-rdynamic' '-shared-libgcc' '-mtune=generic' '-march=x86-64']
  link line: [ /u/sw/pkgs/toolchains/gcc-glibc/4.8/prefix/libexec/gcc/x86_64-mk-linux/4.8.5/collect2 --eh-frame-hdr -m elf_x86_64 -export-dynamic -dynamic-linker /u/sw/pkgs/toolchains/gcc-glibc/4.8/prefix/lib/ld-linux-x86-64.so.2 -o cmTC_cb07d /u/sw/pkgs/toolchains/gcc-glibc/4.8/prefix/lib/gcc/x86_64-mk-linux/4.8.5/../../../../lib/crt1.o /u/sw/pkgs/toolchains/gcc-glibc/4.8/prefix/lib/gcc/x86_64-mk-linux/4.8.5/../../../../lib/crti.o /u/sw/pkgs/toolchains/gcc-glibc/4.8/prefix/lib/gcc/x86_64-mk-linux/4.8.5/crtbegin.o -L/u/sw/pkgs/toolchains/gcc-glibc/4.8/prefix/lib/gcc/x86_64-mk-linux/4.8.5 -L/u/sw/pkgs/toolchains/gcc-glibc/4.8/prefix/lib/gcc/x86_64-mk-linux/4.8.5/../../../../x86_64-mk-linux/lib/../lib -L/u/sw/pkgs/toolchains/gcc-glibc/4.8/prefix/lib/gcc/x86_64-mk-linux/4.8.5/../../../../lib -L/u/sw/pkgs/toolchains/gcc-glibc/4.8/prefix/lib/gcc/x86_64-mk-linux/4.8.5/../../../../x86_64-mk-linux/lib -L/u/sw/pkgs/toolchains/gcc-glibc/4.8/prefix/lib/gcc/x86_64-mk-linux/4.8.5/../../.. -L/u/sw/pkgs/toolchains/gcc-glibc/4.8/prefix/lib -L/u/sw/pkgs/toolchains/gcc-glibc/4.8/base/lib CMakeFiles/cmTC_cb07d.dir/CMakeCXXCompilerABI.cpp.o -lstdc++ -lm -lgcc_s -lgcc -lc -lgcc_s -lgcc /u/sw/pkgs/toolchains/gcc-glibc/4.8/prefix/lib/gcc/x86_64-mk-linux/4.8.5/crtend.o /u/sw/pkgs/toolchains/gcc-glibc/4.8/prefix/lib/gcc/x86_64-mk-linux/4.8.5/../../../../lib/crtn.o]
    arg [/u/sw/pkgs/toolchains/gcc-glibc/4.8/prefix/libexec/gcc/x86_64-mk-linux/4.8.5/collect2] ==> ignore
    arg [--eh-frame-hdr] ==> ignore
    arg [-m] ==> ignore
    arg [elf_x86_64] ==> ignore
    arg [-export-dynamic] ==> ignore
    arg [-dynamic-linker] ==> ignore
    arg [/u/sw/pkgs/toolchains/gcc-glibc/4.8/prefix/lib/ld-linux-x86-64.so.2] ==> ignore
    arg [-o] ==> ignore
    arg [cmTC_cb07d] ==> ignore
    arg [/u/sw/pkgs/toolchains/gcc-glibc/4.8/prefix/lib/gcc/x86_64-mk-linux/4.8.5/../../../../lib/crt1.o] ==> ignore
    arg [/u/sw/pkgs/toolchains/gcc-glibc/4.8/prefix/lib/gcc/x86_64-mk-linux/4.8.5/../../../../lib/crti.o] ==> ignore
    arg [/u/sw/pkgs/toolchains/gcc-glibc/4.8/prefix/lib/gcc/x86_64-mk-linux/4.8.5/crtbegin.o] ==> ignore
    arg [-L/u/sw/pkgs/toolchains/gcc-glibc/4.8/prefix/lib/gcc/x86_64-mk-linux/4.8.5] ==> dir [/u/sw/pkgs/toolchains/gcc-glibc/4.8/prefix/lib/gcc/x86_64-mk-linux/4.8.5]
    arg [-L/u/sw/pkgs/toolchains/gcc-glibc/4.8/prefix/lib/gcc/x86_64-mk-linux/4.8.5/../../../../x86_64-mk-linux/lib/../lib] ==> dir [/u/sw/pkgs/toolchains/gcc-glibc/4.8/prefix/lib/gcc/x86_64-mk-linux/4.8.5/../../../../x86_64-mk-linux/lib/../lib]
    arg [-L/u/sw/pkgs/toolchains/gcc-glibc/4.8/prefix/lib/gcc/x86_64-mk-linux/4.8.5/../../../../lib] ==> dir [/u/sw/pkgs/toolchains/gcc-glibc/4.8/prefix/lib/gcc/x86_64-mk-linux/4.8.5/../../../../lib]
    arg [-L/u/sw/pkgs/toolchains/gcc-glibc/4.8/prefix/lib/gcc/x86_64-mk-linux/4.8.5/../../../../x86_64-mk-linux/lib] ==> dir [/u/sw/pkgs/toolchains/gcc-glibc/4.8/prefix/lib/gcc/x86_64-mk-linux/4.8.5/../../../../x86_64-mk-linux/lib]
    arg [-L/u/sw/pkgs/toolchains/gcc-glibc/4.8/prefix/lib/gcc/x86_64-mk-linux/4.8.5/../../..] ==> dir [/u/sw/pkgs/toolchains/gcc-glibc/4.8/prefix/lib/gcc/x86_64-mk-linux/4.8.5/../../..]
    arg [-L/u/sw/pkgs/toolchains/gcc-glibc/4.8/prefix/lib] ==> dir [/u/sw/pkgs/toolchains/gcc-glibc/4.8/prefix/lib]
    arg [-L/u/sw/pkgs/toolchains/gcc-glibc/4.8/base/lib] ==> dir [/u/sw/pkgs/toolchains/gcc-glibc/4.8/base/lib]
    arg [CMakeFiles/cmTC_cb07d.dir/CMakeCXXCompilerABI.cpp.o] ==> ignore
    arg [-lstdc++] ==> lib [stdc++]
    arg [-lm] ==> lib [m]
    arg [-lgcc_s] ==> lib [gcc_s]
    arg [-lgcc] ==> lib [gcc]
    arg [-lc] ==> lib [c]
    arg [-lgcc_s] ==> lib [gcc_s]
    arg [-lgcc] ==> lib [gcc]
    arg [/u/sw/pkgs/toolchains/gcc-glibc/4.8/prefix/lib/gcc/x86_64-mk-linux/4.8.5/crtend.o] ==> ignore
    arg [/u/sw/pkgs/toolchains/gcc-glibc/4.8/prefix/lib/gcc/x86_64-mk-linux/4.8.5/../../../../lib/crtn.o] ==> ignore
  remove lib [gcc_s]
  remove lib [gcc]
  remove lib [gcc_s]
  remove lib [gcc]
  collapse library dir [/u/sw/pkgs/toolchains/gcc-glibc/4.8/prefix/lib/gcc/x86_64-mk-linux/4.8.5] ==> [/u/sw/pkgs/toolchains/gcc-glibc/4.8/prefix/lib/gcc/x86_64-mk-linux/4.8.5]
  collapse library dir [/u/sw/pkgs/toolchains/gcc-glibc/4.8/prefix/lib/gcc/x86_64-mk-linux/4.8.5/../../../../x86_64-mk-linux/lib/../lib] ==> [/u/sw/pkgs/toolchains/gcc-glibc/4.8/prefix/x86_64-mk-linux/lib]
  collapse library dir [/u/sw/pkgs/toolchains/gcc-glibc/4.8/prefix/lib/gcc/x86_64-mk-linux/4.8.5/../../../../lib] ==> [/u/sw/pkgs/toolchains/gcc-glibc/4.8/prefix/lib]
  collapse library dir [/u/sw/pkgs/toolchains/gcc-glibc/4.8/prefix/lib/gcc/x86_64-mk-linux/4.8.5/../../../../x86_64-mk-linux/lib] ==> [/u/sw/pkgs/toolchains/gcc-glibc/4.8/prefix/x86_64-mk-linux/lib]
  collapse library dir [/u/sw/pkgs/toolchains/gcc-glibc/4.8/prefix/lib/gcc/x86_64-mk-linux/4.8.5/../../..] ==> [/u/sw/pkgs/toolchains/gcc-glibc/4.8/prefix/lib]
  collapse library dir [/u/sw/pkgs/toolchains/gcc-glibc/4.8/prefix/lib] ==> [/u/sw/pkgs/toolchains/gcc-glibc/4.8/prefix/lib]
  collapse library dir [/u/sw/pkgs/toolchains/gcc-glibc/4.8/base/lib] ==> [/u/sw/pkgs/toolchains/gcc-glibc/4.8/base/lib]
  implicit libs: [stdc++;m;c]
  implicit dirs: [/u/sw/pkgs/toolchains/gcc-glibc/4.8/prefix/lib/gcc/x86_64-mk-linux/4.8.5;/u/sw/pkgs/toolchains/gcc-glibc/4.8/prefix/x86_64-mk-linux/lib;/u/sw/pkgs/toolchains/gcc-glibc/4.8/prefix/lib;/u/sw/pkgs/toolchains/gcc-glibc/4.8/base/lib]
  implicit fwks: []




Detecting CXX [-std=c++1y] compiler features compiled with the following output:
Change Dir: /u/archive/agip/cerroni/software/cgal/basinator/build/CMakeFiles/CMakeTmp

Run Build Command:"/u/sw/pkgs/toolchains/gcc-glibc/4.8/base/bin/gmake" "cmTC_f9492/fast"
/u/sw/pkgs/toolchains/gcc-glibc/4.8/base/bin/gmake -f CMakeFiles/cmTC_f9492.dir/build.make CMakeFiles/cmTC_f9492.dir/build
gmake[1]: Entering directory '/u/archive/agip/cerroni/software/cgal/basinator/build/CMakeFiles/CMakeTmp'
Building CXX object CMakeFiles/cmTC_f9492.dir/feature_tests.cxx.o
/u/sw/pkgs/toolchains/gcc-glibc/4.8/prefix/bin/c++     -std=c++1y -o CMakeFiles/cmTC_f9492.dir/feature_tests.cxx.o -c /u/archive/agip/cerroni/software/cgal/basinator/build/CMakeFiles/feature_tests.cxx
Linking CXX executable cmTC_f9492
/u/sw/pkgs/toolchains/gcc-glibc/4.8/base/bin/cmake -E cmake_link_script CMakeFiles/cmTC_f9492.dir/link.txt --verbose=1
/u/sw/pkgs/toolchains/gcc-glibc/4.8/prefix/bin/c++        CMakeFiles/cmTC_f9492.dir/feature_tests.cxx.o  -o cmTC_f9492 -rdynamic 
gmake[1]: Leaving directory '/u/archive/agip/cerroni/software/cgal/basinator/build/CMakeFiles/CMakeTmp'


    Feature record: CXX_FEATURE:0cxx_aggregate_default_initializers
    Feature record: CXX_FEATURE:1cxx_alias_templates
    Feature record: CXX_FEATURE:1cxx_alignas
    Feature record: CXX_FEATURE:1cxx_alignof
    Feature record: CXX_FEATURE:1cxx_attributes
    Feature record: CXX_FEATURE:0cxx_attribute_deprecated
    Feature record: CXX_FEATURE:1cxx_auto_type
    Feature record: CXX_FEATURE:0cxx_binary_literals
    Feature record: CXX_FEATURE:1cxx_constexpr
    Feature record: CXX_FEATURE:0cxx_contextual_conversions
    Feature record: CXX_FEATURE:1cxx_decltype
    Feature record: CXX_FEATURE:0cxx_decltype_auto
    Feature record: CXX_FEATURE:1cxx_decltype_incomplete_return_types
    Feature record: CXX_FEATURE:1cxx_default_function_template_args
    Feature record: CXX_FEATURE:1cxx_defaulted_functions
    Feature record: CXX_FEATURE:1cxx_defaulted_move_initializers
    Feature record: CXX_FEATURE:1cxx_delegating_constructors
    Feature record: CXX_FEATURE:1cxx_deleted_functions
    Feature record: CXX_FEATURE:0cxx_digit_separators
    Feature record: CXX_FEATURE:1cxx_enum_forward_declarations
    Feature record: CXX_FEATURE:1cxx_explicit_conversions
    Feature record: CXX_FEATURE:1cxx_extended_friend_declarations
    Feature record: CXX_FEATURE:1cxx_extern_templates
    Feature record: CXX_FEATURE:1cxx_final
    Feature record: CXX_FEATURE:1cxx_func_identifier
    Feature record: CXX_FEATURE:1cxx_generalized_initializers
    Feature record: CXX_FEATURE:0cxx_generic_lambdas
    Feature record: CXX_FEATURE:1cxx_inheriting_constructors
    Feature record: CXX_FEATURE:1cxx_inline_namespaces
    Feature record: CXX_FEATURE:1cxx_lambdas
    Feature record: CXX_FEATURE:0cxx_lambda_init_captures
    Feature record: CXX_FEATURE:1cxx_local_type_template_args
    Feature record: CXX_FEATURE:1cxx_long_long_type
    Feature record: CXX_FEATURE:1cxx_noexcept
    Feature record: CXX_FEATURE:1cxx_nonstatic_member_init
    Feature record: CXX_FEATURE:1cxx_nullptr
    Feature record: CXX_FEATURE:1cxx_override
    Feature record: CXX_FEATURE:1cxx_range_for
    Feature record: CXX_FEATURE:1cxx_raw_string_literals
    Feature record: CXX_FEATURE:1cxx_reference_qualified_functions
    Feature record: CXX_FEATURE:0cxx_relaxed_constexpr
    Feature record: CXX_FEATURE:0cxx_return_type_deduction
    Feature record: CXX_FEATURE:1cxx_right_angle_brackets
    Feature record: CXX_FEATURE:1cxx_rvalue_references
    Feature record: CXX_FEATURE:1cxx_sizeof_member
    Feature record: CXX_FEATURE:1cxx_static_assert
    Feature record: CXX_FEATURE:1cxx_strong_enums
    Feature record: CXX_FEATURE:1cxx_template_template_parameters
    Feature record: CXX_FEATURE:1cxx_thread_local
    Feature record: CXX_FEATURE:1cxx_trailing_return_types
    Feature record: CXX_FEATURE:1cxx_unicode_literals
    Feature record: CXX_FEATURE:1cxx_uniform_initialization
    Feature record: CXX_FEATURE:1cxx_unrestricted_unions
    Feature record: CXX_FEATURE:1cxx_user_literals
    Feature record: CXX_FEATURE:0cxx_variable_templates
    Feature record: CXX_FEATURE:1cxx_variadic_macros
    Feature record: CXX_FEATURE:1cxx_variadic_templates


Detecting CXX [-std=c++11] compiler features compiled with the following output:
Change Dir: /u/archive/agip/cerroni/software/cgal/basinator/build/CMakeFiles/CMakeTmp

Run Build Command:"/u/sw/pkgs/toolchains/gcc-glibc/4.8/base/bin/gmake" "cmTC_bc397/fast"
/u/sw/pkgs/toolchains/gcc-glibc/4.8/base/bin/gmake -f CMakeFiles/cmTC_bc397.dir/build.make CMakeFiles/cmTC_bc397.dir/build
gmake[1]: Entering directory '/u/archive/agip/cerroni/software/cgal/basinator/build/CMakeFiles/CMakeTmp'
Building CXX object CMakeFiles/cmTC_bc397.dir/feature_tests.cxx.o
/u/sw/pkgs/toolchains/gcc-glibc/4.8/prefix/bin/c++     -std=c++11 -o CMakeFiles/cmTC_bc397.dir/feature_tests.cxx.o -c /u/archive/agip/cerroni/software/cgal/basinator/build/CMakeFiles/feature_tests.cxx
Linking CXX executable cmTC_bc397
/u/sw/pkgs/toolchains/gcc-glibc/4.8/base/bin/cmake -E cmake_link_script CMakeFiles/cmTC_bc397.dir/link.txt --verbose=1
/u/sw/pkgs/toolchains/gcc-glibc/4.8/prefix/bin/c++        CMakeFiles/cmTC_bc397.dir/feature_tests.cxx.o  -o cmTC_bc397 -rdynamic 
gmake[1]: Leaving directory '/u/archive/agip/cerroni/software/cgal/basinator/build/CMakeFiles/CMakeTmp'


    Feature record: CXX_FEATURE:0cxx_aggregate_default_initializers
    Feature record: CXX_FEATURE:1cxx_alias_templates
    Feature record: CXX_FEATURE:1cxx_alignas
    Feature record: CXX_FEATURE:1cxx_alignof
    Feature record: CXX_FEATURE:1cxx_attributes
    Feature record: CXX_FEATURE:0cxx_attribute_deprecated
    Feature record: CXX_FEATURE:1cxx_auto_type
    Feature record: CXX_FEATURE:0cxx_binary_literals
    Feature record: CXX_FEATURE:1cxx_constexpr
    Feature record: CXX_FEATURE:0cxx_contextual_conversions
    Feature record: CXX_FEATURE:1cxx_decltype
    Feature record: CXX_FEATURE:0cxx_decltype_auto
    Feature record: CXX_FEATURE:1cxx_decltype_incomplete_return_types
    Feature record: CXX_FEATURE:1cxx_default_function_template_args
    Feature record: CXX_FEATURE:1cxx_defaulted_functions
    Feature record: CXX_FEATURE:1cxx_defaulted_move_initializers
    Feature record: CXX_FEATURE:1cxx_delegating_constructors
    Feature record: CXX_FEATURE:1cxx_deleted_functions
    Feature record: CXX_FEATURE:0cxx_digit_separators
    Feature record: CXX_FEATURE:1cxx_enum_forward_declarations
    Feature record: CXX_FEATURE:1cxx_explicit_conversions
    Feature record: CXX_FEATURE:1cxx_extended_friend_declarations
    Feature record: CXX_FEATURE:1cxx_extern_templates
    Feature record: CXX_FEATURE:1cxx_final
    Feature record: CXX_FEATURE:1cxx_func_identifier
    Feature record: CXX_FEATURE:1cxx_generalized_initializers
    Feature record: CXX_FEATURE:0cxx_generic_lambdas
    Feature record: CXX_FEATURE:1cxx_inheriting_constructors
    Feature record: CXX_FEATURE:1cxx_inline_namespaces
    Feature record: CXX_FEATURE:1cxx_lambdas
    Feature record: CXX_FEATURE:0cxx_lambda_init_captures
    Feature record: CXX_FEATURE:1cxx_local_type_template_args
    Feature record: CXX_FEATURE:1cxx_long_long_type
    Feature record: CXX_FEATURE:1cxx_noexcept
    Feature record: CXX_FEATURE:1cxx_nonstatic_member_init
    Feature record: CXX_FEATURE:1cxx_nullptr
    Feature record: CXX_FEATURE:1cxx_override
    Feature record: CXX_FEATURE:1cxx_range_for
    Feature record: CXX_FEATURE:1cxx_raw_string_literals
    Feature record: CXX_FEATURE:1cxx_reference_qualified_functions
    Feature record: CXX_FEATURE:0cxx_relaxed_constexpr
    Feature record: CXX_FEATURE:0cxx_return_type_deduction
    Feature record: CXX_FEATURE:1cxx_right_angle_brackets
    Feature record: CXX_FEATURE:1cxx_rvalue_references
    Feature record: CXX_FEATURE:1cxx_sizeof_member
    Feature record: CXX_FEATURE:1cxx_static_assert
    Feature record: CXX_FEATURE:1cxx_strong_enums
    Feature record: CXX_FEATURE:1cxx_template_template_parameters
    Feature record: CXX_FEATURE:1cxx_thread_local
    Feature record: CXX_FEATURE:1cxx_trailing_return_types
    Feature record: CXX_FEATURE:1cxx_unicode_literals
    Feature record: CXX_FEATURE:1cxx_uniform_initialization
    Feature record: CXX_FEATURE:1cxx_unrestricted_unions
    Feature record: CXX_FEATURE:1cxx_user_literals
    Feature record: CXX_FEATURE:0cxx_variable_templates
    Feature record: CXX_FEATURE:1cxx_variadic_macros
    Feature record: CXX_FEATURE:1cxx_variadic_templates


Detecting CXX [-std=c++98] compiler features compiled with the following output:
Change Dir: /u/archive/agip/cerroni/software/cgal/basinator/build/CMakeFiles/CMakeTmp

Run Build Command:"/u/sw/pkgs/toolchains/gcc-glibc/4.8/base/bin/gmake" "cmTC_2f403/fast"
/u/sw/pkgs/toolchains/gcc-glibc/4.8/base/bin/gmake -f CMakeFiles/cmTC_2f403.dir/build.make CMakeFiles/cmTC_2f403.dir/build
gmake[1]: Entering directory '/u/archive/agip/cerroni/software/cgal/basinator/build/CMakeFiles/CMakeTmp'
Building CXX object CMakeFiles/cmTC_2f403.dir/feature_tests.cxx.o
/u/sw/pkgs/toolchains/gcc-glibc/4.8/prefix/bin/c++     -std=c++98 -o CMakeFiles/cmTC_2f403.dir/feature_tests.cxx.o -c /u/archive/agip/cerroni/software/cgal/basinator/build/CMakeFiles/feature_tests.cxx
Linking CXX executable cmTC_2f403
/u/sw/pkgs/toolchains/gcc-glibc/4.8/base/bin/cmake -E cmake_link_script CMakeFiles/cmTC_2f403.dir/link.txt --verbose=1
/u/sw/pkgs/toolchains/gcc-glibc/4.8/prefix/bin/c++        CMakeFiles/cmTC_2f403.dir/feature_tests.cxx.o  -o cmTC_2f403 -rdynamic 
gmake[1]: Leaving directory '/u/archive/agip/cerroni/software/cgal/basinator/build/CMakeFiles/CMakeTmp'


    Feature record: CXX_FEATURE:0cxx_aggregate_default_initializers
    Feature record: CXX_FEATURE:0cxx_alias_templates
    Feature record: CXX_FEATURE:0cxx_alignas
    Feature record: CXX_FEATURE:0cxx_alignof
    Feature record: CXX_FEATURE:0cxx_attributes
    Feature record: CXX_FEATURE:0cxx_attribute_deprecated
    Feature record: CXX_FEATURE:0cxx_auto_type
    Feature record: CXX_FEATURE:0cxx_binary_literals
    Feature record: CXX_FEATURE:0cxx_constexpr
    Feature record: CXX_FEATURE:0cxx_contextual_conversions
    Feature record: CXX_FEATURE:0cxx_decltype
    Feature record: CXX_FEATURE:0cxx_decltype_auto
    Feature record: CXX_FEATURE:0cxx_decltype_incomplete_return_types
    Feature record: CXX_FEATURE:0cxx_default_function_template_args
    Feature record: CXX_FEATURE:0cxx_defaulted_functions
    Feature record: CXX_FEATURE:0cxx_defaulted_move_initializers
    Feature record: CXX_FEATURE:0cxx_delegating_constructors
    Feature record: CXX_FEATURE:0cxx_deleted_functions
    Feature record: CXX_FEATURE:0cxx_digit_separators
    Feature record: CXX_FEATURE:0cxx_enum_forward_declarations
    Feature record: CXX_FEATURE:0cxx_explicit_conversions
    Feature record: CXX_FEATURE:0cxx_extended_friend_declarations
    Feature record: CXX_FEATURE:0cxx_extern_templates
    Feature record: CXX_FEATURE:0cxx_final
    Feature record: CXX_FEATURE:0cxx_func_identifier
    Feature record: CXX_FEATURE:0cxx_generalized_initializers
    Feature record: CXX_FEATURE:0cxx_generic_lambdas
    Feature record: CXX_FEATURE:0cxx_inheriting_constructors
    Feature record: CXX_FEATURE:0cxx_inline_namespaces
    Feature record: CXX_FEATURE:0cxx_lambdas
    Feature record: CXX_FEATURE:0cxx_lambda_init_captures
    Feature record: CXX_FEATURE:0cxx_local_type_template_args
    Feature record: CXX_FEATURE:0cxx_long_long_type
    Feature record: CXX_FEATURE:0cxx_noexcept
    Feature record: CXX_FEATURE:0cxx_nonstatic_member_init
    Feature record: CXX_FEATURE:0cxx_nullptr
    Feature record: CXX_FEATURE:0cxx_override
    Feature record: CXX_FEATURE:0cxx_range_for
    Feature record: CXX_FEATURE:0cxx_raw_string_literals
    Feature record: CXX_FEATURE:0cxx_reference_qualified_functions
    Feature record: CXX_FEATURE:0cxx_relaxed_constexpr
    Feature record: CXX_FEATURE:0cxx_return_type_deduction
    Feature record: CXX_FEATURE:0cxx_right_angle_brackets
    Feature record: CXX_FEATURE:0cxx_rvalue_references
    Feature record: CXX_FEATURE:0cxx_sizeof_member
    Feature record: CXX_FEATURE:0cxx_static_assert
    Feature record: CXX_FEATURE:0cxx_strong_enums
    Feature record: CXX_FEATURE:1cxx_template_template_parameters
    Feature record: CXX_FEATURE:0cxx_thread_local
    Feature record: CXX_FEATURE:0cxx_trailing_return_types
    Feature record: CXX_FEATURE:0cxx_unicode_literals
    Feature record: CXX_FEATURE:0cxx_uniform_initialization
    Feature record: CXX_FEATURE:0cxx_unrestricted_unions
    Feature record: CXX_FEATURE:0cxx_user_literals
    Feature record: CXX_FEATURE:0cxx_variable_templates
    Feature record: CXX_FEATURE:0cxx_variadic_macros
    Feature record: CXX_FEATURE:0cxx_variadic_templates
Determining if the include file pthread.h exists passed with the following output:
Change Dir: /u/archive/agip/cerroni/software/cgal/basinator/build/CMakeFiles/CMakeTmp

Run Build Command:"/u/sw/pkgs/toolchains/gcc-glibc/4.8/base/bin/gmake" "cmTC_f8dc1/fast"
/u/sw/pkgs/toolchains/gcc-glibc/4.8/base/bin/gmake -f CMakeFiles/cmTC_f8dc1.dir/build.make CMakeFiles/cmTC_f8dc1.dir/build
gmake[1]: Entering directory '/u/archive/agip/cerroni/software/cgal/basinator/build/CMakeFiles/CMakeTmp'
Building C object CMakeFiles/cmTC_f8dc1.dir/CheckIncludeFile.c.o
/u/sw/pkgs/toolchains/gcc-glibc/4.8/prefix/bin/cc     -o CMakeFiles/cmTC_f8dc1.dir/CheckIncludeFile.c.o   -c /u/archive/agip/cerroni/software/cgal/basinator/build/CMakeFiles/CMakeTmp/CheckIncludeFile.c
Linking C executable cmTC_f8dc1
/u/sw/pkgs/toolchains/gcc-glibc/4.8/base/bin/cmake -E cmake_link_script CMakeFiles/cmTC_f8dc1.dir/link.txt --verbose=1
/u/sw/pkgs/toolchains/gcc-glibc/4.8/prefix/bin/cc       CMakeFiles/cmTC_f8dc1.dir/CheckIncludeFile.c.o  -o cmTC_f8dc1 -rdynamic 
gmake[1]: Leaving directory '/u/archive/agip/cerroni/software/cgal/basinator/build/CMakeFiles/CMakeTmp'


Determining if the function pthread_create exists in the pthread passed with the following output:
Change Dir: /u/archive/agip/cerroni/software/cgal/basinator/build/CMakeFiles/CMakeTmp

Run Build Command:"/u/sw/pkgs/toolchains/gcc-glibc/4.8/base/bin/gmake" "cmTC_e3c0b/fast"
/u/sw/pkgs/toolchains/gcc-glibc/4.8/base/bin/gmake -f CMakeFiles/cmTC_e3c0b.dir/build.make CMakeFiles/cmTC_e3c0b.dir/build
gmake[1]: Entering directory '/u/archive/agip/cerroni/software/cgal/basinator/build/CMakeFiles/CMakeTmp'
Building C object CMakeFiles/cmTC_e3c0b.dir/CheckFunctionExists.c.o
/u/sw/pkgs/toolchains/gcc-glibc/4.8/prefix/bin/cc    -DCHECK_FUNCTION_EXISTS=pthread_create   -o CMakeFiles/cmTC_e3c0b.dir/CheckFunctionExists.c.o   -c /u/sw/pkgs/toolchains/gcc-glibc/4.8/base/share/cmake-3.5/Modules/CheckFunctionExists.c
Linking C executable cmTC_e3c0b
/u/sw/pkgs/toolchains/gcc-glibc/4.8/base/bin/cmake -E cmake_link_script CMakeFiles/cmTC_e3c0b.dir/link.txt --verbose=1
/u/sw/pkgs/toolchains/gcc-glibc/4.8/prefix/bin/cc   -DCHECK_FUNCTION_EXISTS=pthread_create    CMakeFiles/cmTC_e3c0b.dir/CheckFunctionExists.c.o  -o cmTC_e3c0b -rdynamic -lpthread 
gmake[1]: Leaving directory '/u/archive/agip/cerroni/software/cgal/basinator/build/CMakeFiles/CMakeTmp'


